Arguments: 
  /Users/luciano/.nvm/versions/node/v12.18.3/bin/node /usr/local/Cellar/yarn/1.22.4/libexec/bin/yarn.js

PATH: 
  /Users/luciano/.nvm/versions/node/v12.18.3/bin:/usr/local/bin:/usr/bin:/bin:/usr/sbin:/sbin:/Library/Apple/usr/bin:/Users/luciano/.zinit/polaris/bin:/Users/luciano/.nvm/versions/node/v12.18.3/bin:/Users/luciano/Library/Android/sdk/emulator:/Users/luciano/Library/Android/sdk/tools:/Users/luciano/Library/Android/sdk/tools/bin:/Users/luciano/Library/Android/sdk/platform-tools:/Users/luciano/Library/Android/sdk/emulator:/Users/luciano/Library/Android/sdk/tools:/Users/luciano/Library/Android/sdk/tools/bin:/Users/luciano/Library/Android/sdk/platform-tools

Yarn version: 
  1.22.4

Node version: 
  12.18.3

Platform: 
  darwin x64

Trace: 
  SyntaxError: /Users/luciano/Workspaces/NextLevelWeek/proffy/packages/mobile/package.json: Unexpected token } in JSON at position 1012
      at JSON.parse (<anonymous>)
      at /usr/local/Cellar/yarn/1.22.4/libexec/lib/cli.js:1625:59
      at Generator.next (<anonymous>)
      at step (/usr/local/Cellar/yarn/1.22.4/libexec/lib/cli.js:310:30)
      at /usr/local/Cellar/yarn/1.22.4/libexec/lib/cli.js:321:13

npm manifest: 
  {
    "name": "@proffy/mobile",
    "version": "1.0.0",
    "main": "node_modules/expo/AppEntry.js",
    "private": true,
    "scripts": {
      "start": "expo start",
      "android": "expo start --android",
      "ios": "expo start --ios",
      "web": "expo start --web",
      "eject": "expo eject"
    },
    "dependencies": {
      "@expo-google-fonts/archivo": "^0.1.0",
      "@expo-google-fonts/poppins": "^0.1.0",
      "@react-native-community/masked-view": "0.1.10",
      "@react-navigation/bottom-tabs": "^5.8.0",
      "@react-navigation/native": "^5.7.3",
      "@react-navigation/stack": "^5.9.0",
      "expo": "~38.0.8",
      "expo-font": "~8.2.1",
      "expo-status-bar": "^1.0.2",
      "react": "^16.13.1",
      "react-dom": "^16.13.1",
      "react-native": "https://github.com/expo/react-native/archive/sdk-38.0.2.tar.gz",
      "react-native-gesture-handler": "~1.6.0",
      "react-native-reanimated": "~1.9.0",
      "react-native-safe-area-context": "~3.0.7",
      "react-native-screens": "~2.9.0",
      "react-native-web": "~0.11.7",
    },
    "devDependencies": {
      "@babel/core": "^7.8.6",
      "@types/react": "^16.9.0",
      "@types/react-native": "~0.62.13",
      "typescript": "~3.9.5"
    }
  }

yarn manifest: 
  No manifest

Lockfile: 
  No lockfile
